# JRE version: Java(TM) SE Runtime Environment (8.0_40-b25) (build 1.8.0_40-b25)
# Java VM: Java HotSpot(TM) 64-Bit Server VM (25.40-b25 mixed mode windows-amd64 compressed oops)
Heap:
 PSYoungGen      total 1163264K, used 297078K [0x0000000776180000, 0x00000007c0000000, 0x00000007c0000000)
  eden space 1113600K, 26% used [0x0000000776180000,0x000000078839da38,0x00000007ba100000)
  from space 49664K, 0% used [0x00000007bcf80000,0x00000007bcf80000,0x00000007c0000000)
  to   space 47616K, 0% used [0x00000007ba100000,0x00000007ba100000,0x00000007bcf80000)
 ParOldGen       total 364544K, used 42835K [0x00000006e2400000, 0x00000006f8800000, 0x0000000776180000)
  object space 364544K, 11% used [0x00000006e2400000,0x00000006e4dd4d68,0x00000006f8800000)
 Metaspace       used 73892K, capacity 80241K, committed 80512K, reserved 1120256K
  class space    used 9099K, capacity 10276K, committed 10368K, reserved 1048576K
GC Heap History (10 events):
Event: 52268.852 GC heap before
{Heap before GC invocations=39 (full 11):
 PSYoungGen      total 1158656K, used 14642K [0x0000000776180000, 0x00000007c0000000, 0x00000007c0000000)
  eden space 1103360K, 0% used [0x0000000776180000,0x0000000776180000,0x00000007b9700000)
  from space 55296K, 26% used [0x00000007bca00000,0x00000007bd84c890,0x00000007c0000000)
  to   space 52224K, 0% used [0x00000007b9700000,0x00000007b9700000,0x00000007bca00000)
 ParOldGen       total 364544K, used 39364K [0x00000006e2400000, 0x00000006f8800000, 0x0000000776180000)
  object space 364544K, 10% used [0x00000006e2400000,0x00000006e4a71040,0x00000006f8800000)
 Metaspace       used 72107K, capacity 78065K, committed 78208K, reserved 1118208K
  class space    used 8936K, capacity 10009K, committed 10112K, reserved 1048576K
Event: 52268.957 GC heap after
Heap after GC invocations=39 (full 11):
 PSYoungGen      total 1158656K, used 0K [0x0000000776180000, 0x00000007c0000000, 0x00000007c0000000)
  eden space 1103360K, 0% used [0x0000000776180000,0x0000000776180000,0x00000007b9700000)
  from space 55296K, 0% used [0x00000007bca00000,0x00000007bca00000,0x00000007c0000000)
  to   space 52224K, 0% used [0x00000007b9700000,0x00000007b9700000,0x00000007bca00000)
 ParOldGen       total 364544K, used 42175K [0x00000006e2400000, 0x00000006f8800000, 0x0000000776180000)
  object space 364544K, 11% used [0x00000006e2400000,0x00000006e4d2fe68,0x00000006f8800000)
 Metaspace       used 72093K, capacity 78041K, committed 78208K, reserved 1118208K
  class space    used 8933K, capacity 10004K, committed 10112K, reserved 1048576K
}
Event: 52393.471 GC heap before
{Heap before GC invocations=40 (full 11):
 PSYoungGen      total 1158656K, used 377557K [0x0000000776180000, 0x00000007c0000000, 0x00000007c0000000)
  eden space 1103360K, 34% used [0x0000000776180000,0x000000078d235448,0x00000007b9700000)
  from space 55296K, 0% used [0x00000007bca00000,0x00000007bca00000,0x00000007c0000000)
  to   space 52224K, 0% used [0x00000007b9700000,0x00000007b9700000,0x00000007bca00000)
 ParOldGen       total 364544K, used 42175K [0x00000006e2400000, 0x00000006f8800000, 0x0000000776180000)
  object space 364544K, 11% used [0x00000006e2400000,0x00000006e4d2fe68,0x00000006f8800000)
 Metaspace       used 72816K, capacity 79005K, committed 79360K, reserved 1118208K
  class space    used 9007K, capacity 10127K, committed 10240K, reserved 1048576K
Event: 52393.482 GC heap after
Heap after GC invocations=40 (full 11):
 PSYoungGen      total 1155584K, used 14542K [0x0000000776180000, 0x00000007c0000000, 0x00000007c0000000)
  eden space 1103360K, 0% used [0x0000000776180000,0x0000000776180000,0x00000007b9700000)
  from space 52224K, 27% used [0x00000007b9700000,0x00000007ba533a10,0x00000007bca00000)
  to   space 49664K, 0% used [0x00000007bcf80000,0x00000007bcf80000,0x00000007c0000000)
 ParOldGen       total 364544K, used 42183K [0x00000006e2400000, 0x00000006f8800000, 0x0000000776180000)
  object space 364544K, 11% used [0x00000006e2400000,0x00000006e4d31e68,0x00000006f8800000)
 Metaspace       used 72816K, capacity 79005K, committed 79360K, reserved 1118208K
  class space    used 9007K, capacity 10127K, committed 10240K, reserved 1048576K
}
Event: 52393.482 GC heap before
{Heap before GC invocations=41 (full 12):
 PSYoungGen      total 1155584K, used 14542K [0x0000000776180000, 0x00000007c0000000, 0x00000007c0000000)
  eden space 1103360K, 0% used [0x0000000776180000,0x0000000776180000,0x00000007b9700000)
  from space 52224K, 27% used [0x00000007b9700000,0x00000007ba533a10,0x00000007bca00000)
  to   space 49664K, 0% used [0x00000007bcf80000,0x00000007bcf80000,0x00000007c0000000)
 ParOldGen       total 364544K, used 42183K [0x00000006e2400000, 0x00000006f8800000, 0x0000000776180000)
  object space 364544K, 11% used [0x00000006e2400000,0x00000006e4d31e68,0x00000006f8800000)
 Metaspace       used 72816K, capacity 79005K, committed 79360K, reserved 1118208K
  class space    used 9007K, capacity 10127K, committed 10240K, reserved 1048576K
Event: 52393.604 GC heap after
Heap after GC invocations=41 (full 12):
 PSYoungGen      total 1155584K, used 0K [0x0000000776180000, 0x00000007c0000000, 0x00000007c0000000)
  eden space 1103360K, 0% used [0x0000000776180000,0x0000000776180000,0x00000007b9700000)
  from space 52224K, 0% used [0x00000007b9700000,0x00000007b9700000,0x00000007bca00000)
  to   space 49664K, 0% used [0x00000007bcf80000,0x00000007bcf80000,0x00000007c0000000)
 ParOldGen       total 364544K, used 42396K [0x00000006e2400000, 0x00000006f8800000, 0x0000000776180000)
  object space 364544K, 11% used [0x00000006e2400000,0x00000006e4d67190,0x00000006f8800000)
 Metaspace       used 72798K, capacity 78975K, committed 79360K, reserved 1118208K
  class space    used 9004K, capacity 10121K, committed 10240K, reserved 1048576K
}
Event: 52555.185 GC heap before
{Heap before GC invocations=42 (full 12):
 PSYoungGen      total 1155584K, used 408251K [0x0000000776180000, 0x00000007c0000000, 0x00000007c0000000)
  eden space 1103360K, 37% used [0x0000000776180000,0x000000078f02eff8,0x00000007b9700000)
  from space 52224K, 0% used [0x00000007b9700000,0x00000007b9700000,0x00000007bca00000)
  to   space 49664K, 0% used [0x00000007bcf80000,0x00000007bcf80000,0x00000007c0000000)
 ParOldGen       total 364544K, used 42396K [0x00000006e2400000, 0x00000006f8800000, 0x0000000776180000)
  object space 364544K, 11% used [0x00000006e2400000,0x00000006e4d67190,0x00000006f8800000)
 Metaspace       used 73365K, capacity 79635K, committed 79872K, reserved 1118208K
  class space    used 9053K, capacity 10204K, committed 10240K, reserved 1048576K
Event: 52555.203 GC heap after
Heap after GC invocations=42 (full 12):
 PSYoungGen      total 1163264K, used 14310K [0x0000000776180000, 0x00000007c0000000, 0x00000007c0000000)
  eden space 1113600K, 0% used [0x0000000776180000,0x0000000776180000,0x00000007ba100000)
  from space 49664K, 28% used [0x00000007bcf80000,0x00000007bdd79a10,0x00000007c0000000)
  to   space 47616K, 0% used [0x00000007ba100000,0x00000007ba100000,0x00000007bcf80000)
 ParOldGen       total 364544K, used 42404K [0x00000006e2400000, 0x00000006f8800000, 0x0000000776180000)
  object space 364544K, 11% used [0x00000006e2400000,0x00000006e4d69190,0x00000006f8800000)
 Metaspace       used 73365K, capacity 79635K, committed 79872K, reserved 1118208K
  class space    used 9053K, capacity 10204K, committed 10240K, reserved 1048576K
}
Event: 52555.203 GC heap before
{Heap before GC invocations=43 (full 13):
 PSYoungGen      total 1163264K, used 14310K [0x0000000776180000, 0x00000007c0000000, 0x00000007c0000000)
  eden space 1113600K, 0% used [0x0000000776180000,0x0000000776180000,0x00000007ba100000)
  from space 49664K, 28% used [0x00000007bcf80000,0x00000007bdd79a10,0x00000007c0000000)
  to   space 47616K, 0% used [0x00000007ba100000,0x00000007ba100000,0x00000007bcf80000)
 ParOldGen       total 364544K, used 42404K [0x00000006e2400000, 0x00000006f8800000, 0x0000000776180000)
  object space 364544K, 11% used [0x00000006e2400000,0x00000006e4d69190,0x00000006f8800000)
 Metaspace       used 73365K, capacity 79635K, committed 79872K, reserved 1118208K
  class space    used 9053K, capacity 10204K, committed 10240K, reserved 1048576K
Event: 52555.419 GC heap after
Heap after GC invocations=43 (full 13):
 PSYoungGen      total 1163264K, used 0K [0x0000000776180000, 0x00000007c0000000, 0x00000007c0000000)
  eden space 1113600K, 0% used [0x0000000776180000,0x0000000776180000,0x00000007ba100000)
  from space 49664K, 0% used [0x00000007bcf80000,0x00000007bcf80000,0x00000007c0000000)
  to   space 47616K, 0% used [0x00000007ba100000,0x00000007ba100000,0x00000007bcf80000)
 ParOldGen       total 364544K, used 42835K [0x00000006e2400000, 0x00000006f8800000, 0x0000000776180000)
  object space 364544K, 11% used [0x00000006e2400000,0x00000006e4dd4d68,0x00000006f8800000)
 Metaspace       used 73351K, capacity 79611K, committed 79872K, reserved 1118208K
  class space    used 9051K, capacity 10199K, committed 10240K, reserved 1048576K
}

