# JRE version: Java(TM) SE Runtime Environment (8.0_40-b25) (build 1.8.0_40-b25)
# Java VM: Java HotSpot(TM) 64-Bit Server VM (25.40-b25 mixed mode windows-amd64 compressed oops)
Heap:
 PSYoungGen      total 308224K, used 192792K [0x0000000776180000, 0x000000078a980000, 0x00000007c0000000)
  eden space 294912K, 65% used [0x0000000776180000,0x0000000781dc6188,0x0000000788180000)
  from space 13312K, 0% used [0x0000000788180000,0x0000000788180000,0x0000000788e80000)
  to   space 18944K, 0% used [0x0000000789700000,0x0000000789700000,0x000000078a980000)
 ParOldGen       total 221696K, used 36463K [0x00000006e2400000, 0x00000006efc80000, 0x0000000776180000)
  object space 221696K, 16% used [0x00000006e2400000,0x00000006e479bfc8,0x00000006efc80000)
 Metaspace       used 65242K, capacity 69638K, committed 69888K, reserved 1110016K
  class space    used 8389K, capacity 9154K, committed 9216K, reserved 1048576K
GC Heap History (10 events):
Event: 4.112 GC heap before
{Heap before GC invocations=8 (full 1):
 PSYoungGen      total 197632K, used 40648K [0x0000000776180000, 0x0000000783000000, 0x00000007c0000000)
  eden space 186368K, 15% used [0x0000000776180000,0x0000000777e351f0,0x0000000781780000)
  from space 11264K, 99% used [0x0000000782500000,0x0000000782ffcfa8,0x0000000783000000)
  to   space 12288K, 0% used [0x0000000781800000,0x0000000781800000,0x0000000782400000)
 ParOldGen       total 86528K, used 9901K [0x00000006e2400000, 0x00000006e7880000, 0x0000000776180000)
  object space 86528K, 11% used [0x00000006e2400000,0x00000006e2dab570,0x00000006e7880000)
 Metaspace       used 33125K, capacity 35392K, committed 35496K, reserved 1079296K
  class space    used 4348K, capacity 4776K, committed 4864K, reserved 1048576K
Event: 4.117 GC heap after
Heap after GC invocations=8 (full 1):
 PSYoungGen      total 199168K, used 8754K [0x0000000776180000, 0x0000000789b80000, 0x00000007c0000000)
  eden space 186880K, 0% used [0x0000000776180000,0x0000000776180000,0x0000000781800000)
  from space 12288K, 71% used [0x0000000781800000,0x000000078208c858,0x0000000782400000)
  to   space 12288K, 0% used [0x0000000788f80000,0x0000000788f80000,0x0000000789b80000)
 ParOldGen       total 86528K, used 9909K [0x00000006e2400000, 0x00000006e7880000, 0x0000000776180000)
  object space 86528K, 11% used [0x00000006e2400000,0x00000006e2dad570,0x00000006e7880000)
 Metaspace       used 33125K, capacity 35392K, committed 35496K, reserved 1079296K
  class space    used 4348K, capacity 4776K, committed 4864K, reserved 1048576K
}
Event: 4.117 GC heap before
{Heap before GC invocations=9 (full 2):
 PSYoungGen      total 199168K, used 8754K [0x0000000776180000, 0x0000000789b80000, 0x00000007c0000000)
  eden space 186880K, 0% used [0x0000000776180000,0x0000000776180000,0x0000000781800000)
  from space 12288K, 71% used [0x0000000781800000,0x000000078208c858,0x0000000782400000)
  to   space 12288K, 0% used [0x0000000788f80000,0x0000000788f80000,0x0000000789b80000)
 ParOldGen       total 86528K, used 9909K [0x00000006e2400000, 0x00000006e7880000, 0x0000000776180000)
  object space 86528K, 11% used [0x00000006e2400000,0x00000006e2dad570,0x00000006e7880000)
 Metaspace       used 33125K, capacity 35392K, committed 35496K, reserved 1079296K
  class space    used 4348K, capacity 4776K, committed 4864K, reserved 1048576K
Event: 4.187 GC heap after
Heap after GC invocations=9 (full 2):
 PSYoungGen      total 199168K, used 0K [0x0000000776180000, 0x0000000789b80000, 0x00000007c0000000)
  eden space 186880K, 0% used [0x0000000776180000,0x0000000776180000,0x0000000781800000)
  from space 12288K, 0% used [0x0000000781800000,0x0000000781800000,0x0000000782400000)
  to   space 12288K, 0% used [0x0000000788f80000,0x0000000788f80000,0x0000000789b80000)
 ParOldGen       total 141312K, used 14897K [0x00000006e2400000, 0x00000006eae00000, 0x0000000776180000)
  object space 141312K, 10% used [0x00000006e2400000,0x00000006e328c4c0,0x00000006eae00000)
 Metaspace       used 33125K, capacity 35392K, committed 35496K, reserved 1079296K
  class space    used 4348K, capacity 4776K, committed 4864K, reserved 1048576K
}
Event: 5.755 GC heap before
{Heap before GC invocations=10 (full 2):
 PSYoungGen      total 199168K, used 186880K [0x0000000776180000, 0x0000000789b80000, 0x00000007c0000000)
  eden space 186880K, 100% used [0x0000000776180000,0x0000000781800000,0x0000000781800000)
  from space 12288K, 0% used [0x0000000781800000,0x0000000781800000,0x0000000782400000)
  to   space 12288K, 0% used [0x0000000788f80000,0x0000000788f80000,0x0000000789b80000)
 ParOldGen       total 141312K, used 14897K [0x00000006e2400000, 0x00000006eae00000, 0x0000000776180000)
  object space 141312K, 10% used [0x00000006e2400000,0x00000006e328c4c0,0x00000006eae00000)
 Metaspace       used 44607K, capacity 47488K, committed 47616K, reserved 1091584K
  class space    used 5797K, capacity 6326K, committed 6400K, reserved 1048576K
Event: 5.764 GC heap after
Heap after GC invocations=10 (full 2):
 PSYoungGen      total 259584K, used 12260K [0x0000000776180000, 0x0000000789b80000, 0x00000007c0000000)
  eden space 247296K, 0% used [0x0000000776180000,0x0000000776180000,0x0000000785300000)
  from space 12288K, 99% used [0x0000000788f80000,0x0000000789b790e8,0x0000000789b80000)
  to   space 13312K, 0% used [0x0000000788180000,0x0000000788180000,0x0000000788e80000)
 ParOldGen       total 141312K, used 15365K [0x00000006e2400000, 0x00000006eae00000, 0x0000000776180000)
  object space 141312K, 10% used [0x00000006e2400000,0x00000006e3301528,0x00000006eae00000)
 Metaspace       used 44607K, capacity 47488K, committed 47616K, reserved 1091584K
  class space    used 5797K, capacity 6326K, committed 6400K, reserved 1048576K
}
Event: 6.792 GC heap before
{Heap before GC invocations=11 (full 2):
 PSYoungGen      total 259584K, used 213816K [0x0000000776180000, 0x0000000789b80000, 0x00000007c0000000)
  eden space 247296K, 81% used [0x0000000776180000,0x00000007826550b0,0x0000000785300000)
  from space 12288K, 99% used [0x0000000788f80000,0x0000000789b790e8,0x0000000789b80000)
  to   space 13312K, 0% used [0x0000000788180000,0x0000000788180000,0x0000000788e80000)
 ParOldGen       total 141312K, used 15365K [0x00000006e2400000, 0x00000006eae00000, 0x0000000776180000)
  object space 141312K, 10% used [0x00000006e2400000,0x00000006e3301528,0x00000006eae00000)
 Metaspace       used 55311K, capacity 59022K, committed 59136K, reserved 1099776K
  class space    used 7195K, capacity 7836K, committed 7936K, reserved 1048576K
Event: 6.807 GC heap after
Heap after GC invocations=11 (full 2):
 PSYoungGen      total 308224K, used 13307K [0x0000000776180000, 0x000000078a980000, 0x00000007c0000000)
  eden space 294912K, 0% used [0x0000000776180000,0x0000000776180000,0x0000000788180000)
  from space 13312K, 99% used [0x0000000788180000,0x0000000788e7ee48,0x0000000788e80000)
  to   space 18944K, 0% used [0x0000000789700000,0x0000000789700000,0x000000078a980000)
 ParOldGen       total 141312K, used 26269K [0x00000006e2400000, 0x00000006eae00000, 0x0000000776180000)
  object space 141312K, 18% used [0x00000006e2400000,0x00000006e3da7528,0x00000006eae00000)
 Metaspace       used 55311K, capacity 59022K, committed 59136K, reserved 1099776K
  class space    used 7195K, capacity 7836K, committed 7936K, reserved 1048576K
}
Event: 6.807 GC heap before
{Heap before GC invocations=12 (full 3):
 PSYoungGen      total 308224K, used 13307K [0x0000000776180000, 0x000000078a980000, 0x00000007c0000000)
  eden space 294912K, 0% used [0x0000000776180000,0x0000000776180000,0x0000000788180000)
  from space 13312K, 99% used [0x0000000788180000,0x0000000788e7ee48,0x0000000788e80000)
  to   space 18944K, 0% used [0x0000000789700000,0x0000000789700000,0x000000078a980000)
 ParOldGen       total 141312K, used 26269K [0x00000006e2400000, 0x00000006eae00000, 0x0000000776180000)
  object space 141312K, 18% used [0x00000006e2400000,0x00000006e3da7528,0x00000006eae00000)
 Metaspace       used 55311K, capacity 59022K, committed 59136K, reserved 1099776K
  class space    used 7195K, capacity 7836K, committed 7936K, reserved 1048576K
Event: 6.935 GC heap after
Heap after GC invocations=12 (full 3):
 PSYoungGen      total 308224K, used 0K [0x0000000776180000, 0x000000078a980000, 0x00000007c0000000)
  eden space 294912K, 0% used [0x0000000776180000,0x0000000776180000,0x0000000788180000)
  from space 13312K, 0% used [0x0000000788180000,0x0000000788180000,0x0000000788e80000)
  to   space 18944K, 0% used [0x0000000789700000,0x0000000789700000,0x000000078a980000)
 ParOldGen       total 221696K, used 36463K [0x00000006e2400000, 0x00000006efc80000, 0x0000000776180000)
  object space 221696K, 16% used [0x00000006e2400000,0x00000006e479bfc8,0x00000006efc80000)
 Metaspace       used 55280K, capacity 58942K, committed 59136K, reserved 1099776K
  class space    used 7187K, capacity 7822K, committed 7936K, reserved 1048576K
}

