# JRE version: Java(TM) SE Runtime Environment (8.0_40-b25) (build 1.8.0_40-b25)
# Java VM: Java HotSpot(TM) 64-Bit Server VM (25.40-b25 mixed mode windows-amd64 compressed oops)
Heap:
 PSYoungGen      total 321536K, used 281996K [0x0000000776180000, 0x000000078b380000, 0x00000007c0000000)
  eden space 306176K, 92% used [0x0000000776180000,0x00000007874e3078,0x0000000788c80000)
  from space 15360K, 0% used [0x000000078a480000,0x000000078a480000,0x000000078b380000)
  to   space 19968K, 0% used [0x0000000788c80000,0x0000000788c80000,0x000000078a000000)
 ParOldGen       total 212992K, used 42384K [0x00000006e2400000, 0x00000006ef400000, 0x0000000776180000)
  object space 212992K, 19% used [0x00000006e2400000,0x00000006e4d64358,0x00000006ef400000)
 Metaspace       used 71580K, capacity 77073K, committed 77312K, reserved 1116160K
  class space    used 9003K, capacity 9913K, committed 9984K, reserved 1048576K
GC Heap History (10 events):
Event: 1394.370 GC heap before
{Heap before GC invocations=15 (full 3):
 PSYoungGen      total 287744K, used 79306K [0x0000000776180000, 0x000000078ba80000, 0x00000007c0000000)
  eden space 275456K, 24% used [0x0000000776180000,0x000000077a365df0,0x0000000786e80000)
  from space 12288K, 96% used [0x000000078a380000,0x000000078af0ccd0,0x000000078af80000)
  to   space 11264K, 0% used [0x000000078af80000,0x000000078af80000,0x000000078ba80000)
 ParOldGen       total 212992K, used 39539K [0x00000006e2400000, 0x00000006ef400000, 0x0000000776180000)
  object space 212992K, 18% used [0x00000006e2400000,0x00000006e4a9cf40,0x00000006ef400000)
 Metaspace       used 69455K, capacity 74723K, committed 75008K, reserved 1114112K
  class space    used 8826K, capacity 9695K, committed 9728K, reserved 1048576K
Event: 1394.386 GC heap after
Heap after GC invocations=15 (full 3):
 PSYoungGen      total 284672K, used 8715K [0x0000000776180000, 0x000000078b880000, 0x00000007c0000000)
  eden space 275456K, 0% used [0x0000000776180000,0x0000000776180000,0x0000000786e80000)
  from space 9216K, 94% used [0x000000078af80000,0x000000078b802f50,0x000000078b880000)
  to   space 18944K, 0% used [0x0000000789380000,0x0000000789380000,0x000000078a600000)
 ParOldGen       total 212992K, used 39563K [0x00000006e2400000, 0x00000006ef400000, 0x0000000776180000)
  object space 212992K, 18% used [0x00000006e2400000,0x00000006e4aa2f40,0x00000006ef400000)
 Metaspace       used 69455K, capacity 74723K, committed 75008K, reserved 1114112K
  class space    used 8826K, capacity 9695K, committed 9728K, reserved 1048576K
}
Event: 1394.386 GC heap before
{Heap before GC invocations=16 (full 4):
 PSYoungGen      total 284672K, used 8715K [0x0000000776180000, 0x000000078b880000, 0x00000007c0000000)
  eden space 275456K, 0% used [0x0000000776180000,0x0000000776180000,0x0000000786e80000)
  from space 9216K, 94% used [0x000000078af80000,0x000000078b802f50,0x000000078b880000)
  to   space 18944K, 0% used [0x0000000789380000,0x0000000789380000,0x000000078a600000)
 ParOldGen       total 212992K, used 39563K [0x00000006e2400000, 0x00000006ef400000, 0x0000000776180000)
  object space 212992K, 18% used [0x00000006e2400000,0x00000006e4aa2f40,0x00000006ef400000)
 Metaspace       used 69455K, capacity 74723K, committed 75008K, reserved 1114112K
  class space    used 8826K, capacity 9695K, committed 9728K, reserved 1048576K
Event: 1394.841 GC heap after
Heap after GC invocations=16 (full 4):
 PSYoungGen      total 284672K, used 0K [0x0000000776180000, 0x000000078b880000, 0x00000007c0000000)
  eden space 275456K, 0% used [0x0000000776180000,0x0000000776180000,0x0000000786e80000)
  from space 9216K, 0% used [0x000000078af80000,0x000000078af80000,0x000000078b880000)
  to   space 18944K, 0% used [0x0000000789380000,0x0000000789380000,0x000000078a600000)
 ParOldGen       total 212992K, used 35661K [0x00000006e2400000, 0x00000006ef400000, 0x0000000776180000)
  object space 212992K, 16% used [0x00000006e2400000,0x00000006e46d3420,0x00000006ef400000)
 Metaspace       used 69455K, capacity 74723K, committed 75008K, reserved 1114112K
  class space    used 8826K, capacity 9695K, committed 9728K, reserved 1048576K
}
Event: 1398.705 GC heap before
{Heap before GC invocations=17 (full 4):
 PSYoungGen      total 284672K, used 275456K [0x0000000776180000, 0x000000078b880000, 0x00000007c0000000)
  eden space 275456K, 100% used [0x0000000776180000,0x0000000786e80000,0x0000000786e80000)
  from space 9216K, 0% used [0x000000078af80000,0x000000078af80000,0x000000078b880000)
  to   space 18944K, 0% used [0x0000000789380000,0x0000000789380000,0x000000078a600000)
 ParOldGen       total 212992K, used 35661K [0x00000006e2400000, 0x00000006ef400000, 0x0000000776180000)
  object space 212992K, 16% used [0x00000006e2400000,0x00000006e46d3420,0x00000006ef400000)
 Metaspace       used 70423K, capacity 75791K, committed 75904K, reserved 1116160K
  class space    used 8912K, capacity 9801K, committed 9856K, reserved 1048576K
Event: 1398.723 GC heap after
Heap after GC invocations=17 (full 4):
 PSYoungGen      total 323584K, used 17080K [0x0000000776180000, 0x000000078b480000, 0x00000007c0000000)
  eden space 306176K, 0% used [0x0000000776180000,0x0000000776180000,0x0000000788c80000)
  from space 17408K, 98% used [0x0000000789380000,0x000000078a42e380,0x000000078a480000)
  to   space 16384K, 0% used [0x000000078a480000,0x000000078a480000,0x000000078b480000)
 ParOldGen       total 212992K, used 35669K [0x00000006e2400000, 0x00000006ef400000, 0x0000000776180000)
  object space 212992K, 16% used [0x00000006e2400000,0x00000006e46d5420,0x00000006ef400000)
 Metaspace       used 70423K, capacity 75791K, committed 75904K, reserved 1116160K
  class space    used 8912K, capacity 9801K, committed 9856K, reserved 1048576K
}
Event: 1440.798 GC heap before
{Heap before GC invocations=18 (full 4):
 PSYoungGen      total 323584K, used 58424K [0x0000000776180000, 0x000000078b480000, 0x00000007c0000000)
  eden space 306176K, 13% used [0x0000000776180000,0x00000007789dff90,0x0000000788c80000)
  from space 17408K, 98% used [0x0000000789380000,0x000000078a42e380,0x000000078a480000)
  to   space 16384K, 0% used [0x000000078a480000,0x000000078a480000,0x000000078b480000)
 ParOldGen       total 212992K, used 35669K [0x00000006e2400000, 0x00000006ef400000, 0x0000000776180000)
  object space 212992K, 16% used [0x00000006e2400000,0x00000006e46d5420,0x00000006ef400000)
 Metaspace       used 70633K, capacity 76069K, committed 76160K, reserved 1116160K
  class space    used 8926K, capacity 9817K, committed 9856K, reserved 1048576K
Event: 1440.808 GC heap after
Heap after GC invocations=18 (full 4):
 PSYoungGen      total 321536K, used 12141K [0x0000000776180000, 0x000000078b380000, 0x00000007c0000000)
  eden space 306176K, 0% used [0x0000000776180000,0x0000000776180000,0x0000000788c80000)
  from space 15360K, 79% used [0x000000078a480000,0x000000078b05b5e0,0x000000078b380000)
  to   space 19968K, 0% used [0x0000000788c80000,0x0000000788c80000,0x000000078a000000)
 ParOldGen       total 212992K, used 35677K [0x00000006e2400000, 0x00000006ef400000, 0x0000000776180000)
  object space 212992K, 16% used [0x00000006e2400000,0x00000006e46d7420,0x00000006ef400000)
 Metaspace       used 70633K, capacity 76069K, committed 76160K, reserved 1116160K
  class space    used 8926K, capacity 9817K, committed 9856K, reserved 1048576K
}
Event: 1440.808 GC heap before
{Heap before GC invocations=19 (full 5):
 PSYoungGen      total 321536K, used 12141K [0x0000000776180000, 0x000000078b380000, 0x00000007c0000000)
  eden space 306176K, 0% used [0x0000000776180000,0x0000000776180000,0x0000000788c80000)
  from space 15360K, 79% used [0x000000078a480000,0x000000078b05b5e0,0x000000078b380000)
  to   space 19968K, 0% used [0x0000000788c80000,0x0000000788c80000,0x000000078a000000)
 ParOldGen       total 212992K, used 35677K [0x00000006e2400000, 0x00000006ef400000, 0x0000000776180000)
  object space 212992K, 16% used [0x00000006e2400000,0x00000006e46d7420,0x00000006ef400000)
 Metaspace       used 70633K, capacity 76069K, committed 76160K, reserved 1116160K
  class space    used 8926K, capacity 9817K, committed 9856K, reserved 1048576K
Event: 1441.028 GC heap after
Heap after GC invocations=19 (full 5):
 PSYoungGen      total 321536K, used 0K [0x0000000776180000, 0x000000078b380000, 0x00000007c0000000)
  eden space 306176K, 0% used [0x0000000776180000,0x0000000776180000,0x0000000788c80000)
  from space 15360K, 0% used [0x000000078a480000,0x000000078a480000,0x000000078b380000)
  to   space 19968K, 0% used [0x0000000788c80000,0x0000000788c80000,0x000000078a000000)
 ParOldGen       total 212992K, used 42384K [0x00000006e2400000, 0x00000006ef400000, 0x0000000776180000)
  object space 212992K, 19% used [0x00000006e2400000,0x00000006e4d64358,0x00000006ef400000)
 Metaspace       used 70611K, capacity 76033K, committed 76160K, reserved 1116160K
  class space    used 8923K, capacity 9811K, committed 9856K, reserved 1048576K
}

