# JRE version: Java(TM) SE Runtime Environment (8.0_40-b25) (build 1.8.0_40-b25)
# Java VM: Java HotSpot(TM) 64-Bit Server VM (25.40-b25 mixed mode windows-amd64 compressed oops)
Heap:
 PSYoungGen      total 357888K, used 257147K [0x0000000776180000, 0x0000000790600000, 0x00000007c0000000)
  eden space 347136K, 71% used [0x0000000776180000,0x00000007852418c0,0x000000078b480000)
  from space 10752K, 98% used [0x000000078fb80000,0x00000007905dd5c0,0x0000000790600000)
  to   space 20992K, 0% used [0x000000078dd00000,0x000000078dd00000,0x000000078f180000)
 ParOldGen       total 209920K, used 72161K [0x00000006e2400000, 0x00000006ef100000, 0x0000000776180000)
  object space 209920K, 34% used [0x00000006e2400000,0x00000006e6a78730,0x00000006ef100000)
 Metaspace       used 75809K, capacity 81485K, committed 81792K, reserved 1120256K
  class space    used 9302K, capacity 10314K, committed 10368K, reserved 1048576K
GC Heap History (10 events):
Event: 1171.704 GC heap before
{Heap before GC invocations=28 (full 9):
 PSYoungGen      total 384000K, used 372224K [0x0000000776180000, 0x000000078f600000, 0x00000007c0000000)
  eden space 372224K, 100% used [0x0000000776180000,0x000000078cd00000,0x000000078cd00000)
  from space 11776K, 0% used [0x000000078ea80000,0x000000078ea80000,0x000000078f600000)
  to   space 20992K, 0% used [0x000000078cd00000,0x000000078cd00000,0x000000078e180000)
 ParOldGen       total 209920K, used 64747K [0x00000006e2400000, 0x00000006ef100000, 0x0000000776180000)
  object space 209920K, 30% used [0x00000006e2400000,0x00000006e633afa0,0x00000006ef100000)
 Metaspace       used 73720K, capacity 79195K, committed 79232K, reserved 1118208K
  class space    used 9143K, capacity 10093K, committed 10112K, reserved 1048576K
Event: 1171.719 GC heap after
Heap after GC invocations=28 (full 9):
 PSYoungGen      total 393216K, used 18781K [0x0000000776180000, 0x0000000792100000, 0x00000007c0000000)
  eden space 372224K, 0% used [0x0000000776180000,0x0000000776180000,0x000000078cd00000)
  from space 20992K, 89% used [0x000000078cd00000,0x000000078df57540,0x000000078e180000)
  to   space 22016K, 0% used [0x0000000790b80000,0x0000000790b80000,0x0000000792100000)
 ParOldGen       total 209920K, used 64755K [0x00000006e2400000, 0x00000006ef100000, 0x0000000776180000)
  object space 209920K, 30% used [0x00000006e2400000,0x00000006e633cfa0,0x00000006ef100000)
 Metaspace       used 73720K, capacity 79195K, committed 79232K, reserved 1118208K
  class space    used 9143K, capacity 10093K, committed 10112K, reserved 1048576K
}
Event: 1539.827 GC heap before
{Heap before GC invocations=29 (full 9):
 PSYoungGen      total 393216K, used 391005K [0x0000000776180000, 0x0000000792100000, 0x00000007c0000000)
  eden space 372224K, 100% used [0x0000000776180000,0x000000078cd00000,0x000000078cd00000)
  from space 20992K, 89% used [0x000000078cd00000,0x000000078df57540,0x000000078e180000)
  to   space 22016K, 0% used [0x0000000790b80000,0x0000000790b80000,0x0000000792100000)
 ParOldGen       total 209920K, used 64755K [0x00000006e2400000, 0x00000006ef100000, 0x0000000776180000)
  object space 209920K, 30% used [0x00000006e2400000,0x00000006e633cfa0,0x00000006ef100000)
 Metaspace       used 74365K, capacity 79863K, committed 80128K, reserved 1120256K
  class space    used 9181K, capacity 10135K, committed 10240K, reserved 1048576K
Event: 1539.835 GC heap after
Heap after GC invocations=29 (full 9):
 PSYoungGen      total 373760K, used 14308K [0x0000000776180000, 0x0000000791980000, 0x00000007c0000000)
  eden space 359424K, 0% used [0x0000000776180000,0x0000000776180000,0x000000078c080000)
  from space 14336K, 99% used [0x0000000790b80000,0x0000000791979320,0x0000000791980000)
  to   space 21504K, 0% used [0x000000078ef80000,0x000000078ef80000,0x0000000790480000)
 ParOldGen       total 209920K, used 64763K [0x00000006e2400000, 0x00000006ef100000, 0x0000000776180000)
  object space 209920K, 30% used [0x00000006e2400000,0x00000006e633efa0,0x00000006ef100000)
 Metaspace       used 74365K, capacity 79863K, committed 80128K, reserved 1120256K
  class space    used 9181K, capacity 10135K, committed 10240K, reserved 1048576K
}
Event: 1593.709 GC heap before
{Heap before GC invocations=30 (full 9):
 PSYoungGen      total 373760K, used 62814K [0x0000000776180000, 0x0000000791980000, 0x00000007c0000000)
  eden space 359424K, 13% used [0x0000000776180000,0x00000007790de7d0,0x000000078c080000)
  from space 14336K, 99% used [0x0000000790b80000,0x0000000791979320,0x0000000791980000)
  to   space 21504K, 0% used [0x000000078ef80000,0x000000078ef80000,0x0000000790480000)
 ParOldGen       total 209920K, used 64763K [0x00000006e2400000, 0x00000006ef100000, 0x0000000776180000)
  object space 209920K, 30% used [0x00000006e2400000,0x00000006e633efa0,0x00000006ef100000)
 Metaspace       used 74369K, capacity 79869K, committed 80128K, reserved 1120256K
  class space    used 9182K, capacity 10137K, committed 10240K, reserved 1048576K
Event: 1593.719 GC heap after
Heap after GC invocations=30 (full 9):
 PSYoungGen      total 371712K, used 12064K [0x0000000776180000, 0x0000000790c00000, 0x00000007c0000000)
  eden space 359424K, 0% used [0x0000000776180000,0x0000000776180000,0x000000078c080000)
  from space 12288K, 98% used [0x000000078ef80000,0x000000078fb480f8,0x000000078fb80000)
  to   space 16896K, 0% used [0x000000078fb80000,0x000000078fb80000,0x0000000790c00000)
 ParOldGen       total 209920K, used 64771K [0x00000006e2400000, 0x00000006ef100000, 0x0000000776180000)
  object space 209920K, 30% used [0x00000006e2400000,0x00000006e6340fa0,0x00000006ef100000)
 Metaspace       used 74369K, capacity 79869K, committed 80128K, reserved 1120256K
  class space    used 9182K, capacity 10137K, committed 10240K, reserved 1048576K
}
Event: 1593.719 GC heap before
{Heap before GC invocations=31 (full 10):
 PSYoungGen      total 371712K, used 12064K [0x0000000776180000, 0x0000000790c00000, 0x00000007c0000000)
  eden space 359424K, 0% used [0x0000000776180000,0x0000000776180000,0x000000078c080000)
  from space 12288K, 98% used [0x000000078ef80000,0x000000078fb480f8,0x000000078fb80000)
  to   space 16896K, 0% used [0x000000078fb80000,0x000000078fb80000,0x0000000790c00000)
 ParOldGen       total 209920K, used 64771K [0x00000006e2400000, 0x00000006ef100000, 0x0000000776180000)
  object space 209920K, 30% used [0x00000006e2400000,0x00000006e6340fa0,0x00000006ef100000)
 Metaspace       used 74369K, capacity 79869K, committed 80128K, reserved 1120256K
  class space    used 9182K, capacity 10137K, committed 10240K, reserved 1048576K
Event: 1594.088 GC heap after
Heap after GC invocations=31 (full 10):
 PSYoungGen      total 371712K, used 0K [0x0000000776180000, 0x0000000790c00000, 0x00000007c0000000)
  eden space 359424K, 0% used [0x0000000776180000,0x0000000776180000,0x000000078c080000)
  from space 12288K, 0% used [0x000000078ef80000,0x000000078ef80000,0x000000078fb80000)
  to   space 16896K, 0% used [0x000000078fb80000,0x000000078fb80000,0x0000000790c00000)
 ParOldGen       total 209920K, used 72153K [0x00000006e2400000, 0x00000006ef100000, 0x0000000776180000)
  object space 209920K, 34% used [0x00000006e2400000,0x00000006e6a76730,0x00000006ef100000)
 Metaspace       used 74325K, capacity 79797K, committed 80128K, reserved 1120256K
  class space    used 9175K, capacity 10124K, committed 10240K, reserved 1048576K
}
Event: 1814.057 GC heap before
{Heap before GC invocations=32 (full 10):
 PSYoungGen      total 371712K, used 359424K [0x0000000776180000, 0x0000000790c00000, 0x00000007c0000000)
  eden space 359424K, 100% used [0x0000000776180000,0x000000078c080000,0x000000078c080000)
  from space 12288K, 0% used [0x000000078ef80000,0x000000078ef80000,0x000000078fb80000)
  to   space 16896K, 0% used [0x000000078fb80000,0x000000078fb80000,0x0000000790c00000)
 ParOldGen       total 209920K, used 72153K [0x00000006e2400000, 0x00000006ef100000, 0x0000000776180000)
  object space 209920K, 34% used [0x00000006e2400000,0x00000006e6a76730,0x00000006ef100000)
 Metaspace       used 75042K, capacity 80561K, committed 80896K, reserved 1120256K
  class space    used 9232K, capacity 10203K, committed 10240K, reserved 1048576K
Event: 1814.067 GC heap after
Heap after GC invocations=32 (full 10):
 PSYoungGen      total 357888K, used 10613K [0x0000000776180000, 0x0000000790600000, 0x00000007c0000000)
  eden space 347136K, 0% used [0x0000000776180000,0x0000000776180000,0x000000078b480000)
  from space 10752K, 98% used [0x000000078fb80000,0x00000007905dd5c0,0x0000000790600000)
  to   space 20992K, 0% used [0x000000078dd00000,0x000000078dd00000,0x000000078f180000)
 ParOldGen       total 209920K, used 72161K [0x00000006e2400000, 0x00000006ef100000, 0x0000000776180000)
  object space 209920K, 34% used [0x00000006e2400000,0x00000006e6a78730,0x00000006ef100000)
 Metaspace       used 75042K, capacity 80561K, committed 80896K, reserved 1120256K
  class space    used 9232K, capacity 10203K, committed 10240K, reserved 1048576K
}

